  Generate moc_predefs.h
D:\Program Files\Microsoft Visual Studio\2022\MSBuild\Microsoft\VC\v170\Microsoft.CppCommon.targets(254,5): warning MSB8064: 项“debug\moc_predefs.h.cbt”的自定义生成成功，但指定的依赖项“f:\progamming_project\qt_programs\melody\debug\moc_predefs.h.cbt”不存在。这可能会导致增量生成无法正常工作。
  confirmDialog.cpp
  EndWidget.cpp
  GameController.cpp
  Hold.cpp
  MenuWidget.cpp
  Note.cpp
  PauseWidget.cpp
  PlayWidget.cpp
  SettingsWidget.cpp
  StartWidget.cpp
  Tap.cpp
  main.cpp
F:\Progamming_Project\Qt_Programs\Melody\src\GameController.cpp(1,1): warning C4828: 文件包含在偏移 0x1c3e 处开始的字符，该字符在当前源字符集中无效(代码页 65001)。
F:\Progamming_Project\Qt_Programs\Melody\src\EndWidget.cpp(1,1): warning C4828: 文件包含在偏移 0x726 处开始的字符，该字符在当前源字符集中无效(代码页 65001)。
F:\Progamming_Project\Qt_Programs\Melody\src\GameController.cpp(1,1): warning C4828: 文件包含在偏移 0x1c3f 处开始的字符，该字符在当前源字符集中无效(代码页 65001)。
F:\Progamming_Project\Qt_Programs\Melody\src\EndWidget.cpp(1,1): warning C4828: 文件包含在偏移 0x727 处开始的字符，该字符在当前源字符集中无效(代码页 65001)。
F:\Progamming_Project\Qt_Programs\Melody\src\GameController.cpp(1,1): warning C4828: 文件包含在偏移 0x1c7a 处开始的字符，该字符在当前源字符集中无效(代码页 65001)。
F:\Progamming_Project\Qt_Programs\Melody\src\GameController.cpp(1,1): warning C4828: 文件包含在偏移 0x1c7b 处开始的字符，该字符在当前源字符集中无效(代码页 65001)。
F:\Progamming_Project\Qt_Programs\Melody\src\EndWidget.cpp(1,1): warning C4828: 文件包含在偏移 0x728 处开始的字符，该字符在当前源字符集中无效(代码页 65001)。
F:\Progamming_Project\Qt_Programs\Melody\src\EndWidget.cpp(1,1): warning C4828: 文件包含在偏移 0x729 处开始的字符，该字符在当前源字符集中无效(代码页 65001)。
F:\Progamming_Project\Qt_Programs\Melody\src\EndWidget.cpp(1,1): warning C4828: 文件包含在偏移 0x79a 处开始的字符，该字符在当前源字符集中无效(代码页 65001)。
F:\Progamming_Project\Qt_Programs\Melody\src\EndWidget.cpp(1,1): warning C4828: 文件包含在偏移 0x79b 处开始的字符，该字符在当前源字符集中无效(代码页 65001)。
F:\Progamming_Project\Qt_Programs\Melody\src\EndWidget.cpp(1,1): warning C4828: 文件包含在偏移 0x79c 处开始的字符，该字符在当前源字符集中无效(代码页 65001)。
F:\Progamming_Project\Qt_Programs\Melody\src\EndWidget.cpp(1,1): warning C4828: 文件包含在偏移 0x79d 处开始的字符，该字符在当前源字符集中无效(代码页 65001)。
F:\Progamming_Project\Qt_Programs\Melody\src\EndWidget.cpp(1,1): warning C4828: 文件包含在偏移 0x7a0 处开始的字符，该字符在当前源字符集中无效(代码页 65001)。
F:\Progamming_Project\Qt_Programs\Melody\src\EndWidget.cpp(1,1): warning C4828: 文件包含在偏移 0x7a3 处开始的字符，该字符在当前源字符集中无效(代码页 65001)。
F:\Progamming_Project\Qt_Programs\Melody\src\EndWidget.cpp(1,1): warning C4828: 文件包含在偏移 0x7a6 处开始的字符，该字符在当前源字符集中无效(代码页 65001)。
F:\Progamming_Project\Qt_Programs\Melody\src\EndWidget.cpp(1,1): warning C4828: 文件包含在偏移 0x7a7 处开始的字符，该字符在当前源字符集中无效(代码页 65001)。
F:\Progamming_Project\Qt_Programs\Melody\src\EndWidget.cpp(1,1): warning C4828: 文件包含在偏移 0x7a8 处开始的字符，该字符在当前源字符集中无效(代码页 65001)。
F:\Progamming_Project\Qt_Programs\Melody\src\EndWidget.cpp(1,1): warning C4828: 文件包含在偏移 0x7a9 处开始的字符，该字符在当前源字符集中无效(代码页 65001)。
F:\Progamming_Project\Qt_Programs\Melody\src\EndWidget.cpp(1,1): warning C4828: 文件包含在偏移 0xd2f 处开始的字符，该字符在当前源字符集中无效(代码页 65001)。
F:\Progamming_Project\Qt_Programs\Melody\src\EndWidget.cpp(1,1): warning C4828: 文件包含在偏移 0xd30 处开始的字符，该字符在当前源字符集中无效(代码页 65001)。
F:\Progamming_Project\Qt_Programs\Melody\src\EndWidget.cpp(1,1): warning C4828: 文件包含在偏移 0xd34 处开始的字符，该字符在当前源字符集中无效(代码页 65001)。
F:\Progamming_Project\Qt_Programs\Melody\src\EndWidget.cpp(1,1): warning C4828: 文件包含在偏移 0xd35 处开始的字符，该字符在当前源字符集中无效(代码页 65001)。
F:\Progamming_Project\Qt_Programs\Melody\src\EndWidget.cpp(1,1): warning C4828: 文件包含在偏移 0xd36 处开始的字符，该字符在当前源字符集中无效(代码页 65001)。
F:\Progamming_Project\Qt_Programs\Melody\src\EndWidget.cpp(1,1): warning C4828: 文件包含在偏移 0xd39 处开始的字符，该字符在当前源字符集中无效(代码页 65001)。
F:\Progamming_Project\Qt_Programs\Melody\src\EndWidget.cpp(1,1): warning C4828: 文件包含在偏移 0xd3a 处开始的字符，该字符在当前源字符集中无效(代码页 65001)。
F:\Progamming_Project\Qt_Programs\Melody\src\EndWidget.cpp(1,1): warning C4828: 文件包含在偏移 0xd3c 处开始的字符，该字符在当前源字符集中无效(代码页 65001)。
F:\Progamming_Project\Qt_Programs\Melody\src\EndWidget.cpp(1,1): warning C4828: 文件包含在偏移 0xd3f 处开始的字符，该字符在当前源字符集中无效(代码页 65001)。
F:\Progamming_Project\Qt_Programs\Melody\src\EndWidget.cpp(1,1): warning C4828: 文件包含在偏移 0xd40 处开始的字符，该字符在当前源字符集中无效(代码页 65001)。
F:\Progamming_Project\Qt_Programs\Melody\src\EndWidget.cpp(1,1): warning C4828: 文件包含在偏移 0xd42 处开始的字符，该字符在当前源字符集中无效(代码页 65001)。
F:\Progamming_Project\Qt_Programs\Melody\src\EndWidget.cpp(1,1): warning C4828: 文件包含在偏移 0xd44 处开始的字符，该字符在当前源字符集中无效(代码页 65001)。
F:\Progamming_Project\Qt_Programs\Melody\src\EndWidget.cpp(1,1): warning C4828: 文件包含在偏移 0xd47 处开始的字符，该字符在当前源字符集中无效(代码页 65001)。
F:\Progamming_Project\Qt_Programs\Melody\src\EndWidget.cpp(1,1): warning C4828: 文件包含在偏移 0xd48 处开始的字符，该字符在当前源字符集中无效(代码页 65001)。
F:\Progamming_Project\Qt_Programs\Melody\src\EndWidget.cpp(1,1): warning C4828: 文件包含在偏移 0xd4b 处开始的字符，该字符在当前源字符集中无效(代码页 65001)。
F:\Progamming_Project\Qt_Programs\Melody\src\EndWidget.cpp(1,1): warning C4828: 文件包含在偏移 0xd4c 处开始的字符，该字符在当前源字符集中无效(代码页 65001)。
F:\Progamming_Project\Qt_Programs\Melody\src\EndWidget.cpp(1,1): warning C4828: 文件包含在偏移 0xd4d 处开始的字符，该字符在当前源字符集中无效(代码页 65001)。
F:\Progamming_Project\Qt_Programs\Melody\src\EndWidget.cpp(1,1): warning C4828: 文件包含在偏移 0xd4f 处开始的字符，该字符在当前源字符集中无效(代码页 65001)。
F:\Progamming_Project\Qt_Programs\Melody\src\EndWidget.cpp(1,1): warning C4828: 文件包含在偏移 0xd50 处开始的字符，该字符在当前源字符集中无效(代码页 65001)。
F:\Progamming_Project\Qt_Programs\Melody\src\EndWidget.cpp(1,1): warning C4828: 文件包含在偏移 0xd51 处开始的字符，该字符在当前源字符集中无效(代码页 65001)。
F:\Progamming_Project\Qt_Programs\Melody\src\EndWidget.cpp(1,1): warning C4828: 文件包含在偏移 0xd55 处开始的字符，该字符在当前源字符集中无效(代码页 65001)。
F:\Progamming_Project\Qt_Programs\Melody\src\EndWidget.cpp(1,1): warning C4828: 文件包含在偏移 0xd58 处开始的字符，该字符在当前源字符集中无效(代码页 65001)。
F:\Progamming_Project\Qt_Programs\Melody\src\EndWidget.cpp(1,1): warning C4828: 文件包含在偏移 0xd59 处开始的字符，该字符在当前源字符集中无效(代码页 65001)。
F:\Progamming_Project\Qt_Programs\Melody\src\EndWidget.cpp(1,1): warning C4828: 文件包含在偏移 0xd5a 处开始的字符，该字符在当前源字符集中无效(代码页 65001)。
F:\Progamming_Project\Qt_Programs\Melody\src\EndWidget.cpp(1,1): warning C4828: 文件包含在偏移 0xe7f 处开始的字符，该字符在当前源字符集中无效(代码页 65001)。
F:\Progamming_Project\Qt_Programs\Melody\src\EndWidget.cpp(1,1): warning C4828: 文件包含在偏移 0xe82 处开始的字符，该字符在当前源字符集中无效(代码页 65001)。
F:\Progamming_Project\Qt_Programs\Melody\src\EndWidget.cpp(1,1): warning C4828: 文件包含在偏移 0xe83 处开始的字符，该字符在当前源字符集中无效(代码页 65001)。
F:\Progamming_Project\Qt_Programs\Melody\src\EndWidget.cpp(1,1): warning C4828: 文件包含在偏移 0xe87 处开始的字符，该字符在当前源字符集中无效(代码页 65001)。
F:\Progamming_Project\Qt_Programs\Melody\src\EndWidget.cpp(1,1): warning C4828: 文件包含在偏移 0xe88 处开始的字符，该字符在当前源字符集中无效(代码页 65001)。
F:\Progamming_Project\Qt_Programs\Melody\src\EndWidget.cpp(1,1): warning C4828: 文件包含在偏移 0xe96 处开始的字符，该字符在当前源字符集中无效(代码页 65001)。
F:\Progamming_Project\Qt_Programs\Melody\src\EndWidget.cpp(1,1): warning C4828: 文件包含在偏移 0xe98 处开始的字符，该字符在当前源字符集中无效(代码页 65001)。
F:\Progamming_Project\Qt_Programs\Melody\src\EndWidget.cpp(1,1): warning C4828: 文件包含在偏移 0xe9a 处开始的字符，该字符在当前源字符集中无效(代码页 65001)。
F:\Progamming_Project\Qt_Programs\Melody\src\confirmDialog.cpp(1,1): warning C4828: 文件包含在偏移 0x2ad 处开始的字符，该字符在当前源字符集中无效(代码页 65001)。
F:\Progamming_Project\Qt_Programs\Melody\src\EndWidget.cpp(1,1): warning C4828: 文件包含在偏移 0xea1 处开始的字符，该字符在当前源字符集中无效(代码页 65001)。
F:\Progamming_Project\Qt_Programs\Melody\src\confirmDialog.cpp(1,1): warning C4828: 文件包含在偏移 0x2af 处开始的字符，该字符在当前源字符集中无效(代码页 65001)。
F:\Progamming_Project\Qt_Programs\Melody\src\EndWidget.cpp(1,1): warning C4828: 文件包含在偏移 0xea6 处开始的字符，该字符在当前源字符集中无效(代码页 65001)。
F:\Progamming_Project\Qt_Programs\Melody\src\confirmDialog.cpp(1,1): warning C4828: 文件包含在偏移 0x2b0 处开始的字符，该字符在当前源字符集中无效(代码页 65001)。
F:\Progamming_Project\Qt_Programs\Melody\src\confirmDialog.cpp(1,1): warning C4828: 文件包含在偏移 0x2b2 处开始的字符，该字符在当前源字符集中无效(代码页 65001)。
F:\Progamming_Project\Qt_Programs\Melody\src\EndWidget.cpp(1,1): warning C4828: 文件包含在偏移 0xea7 处开始的字符，该字符在当前源字符集中无效(代码页 65001)。
F:\Progamming_Project\Qt_Programs\Melody\src\confirmDialog.cpp(1,1): warning C4828: 文件包含在偏移 0x2b6 处开始的字符，该字符在当前源字符集中无效(代码页 65001)。
F:\Progamming_Project\Qt_Programs\Melody\src\EndWidget.cpp(1,1): warning C4828: 文件包含在偏移 0xea9 处开始的字符，该字符在当前源字符集中无效(代码页 65001)。
F:\Progamming_Project\Qt_Programs\Melody\src\EndWidget.cpp(1,1): warning C4828: 文件包含在偏移 0xead 处开始的字符，该字符在当前源字符集中无效(代码页 65001)。
F:\Progamming_Project\Qt_Programs\Melody\src\confirmDialog.cpp(1,1): warning C4828: 文件包含在偏移 0x2b7 处开始的字符，该字符在当前源字符集中无效(代码页 65001)。
F:\Progamming_Project\Qt_Programs\Melody\src\confirmDialog.cpp(1,1): warning C4828: 文件包含在偏移 0x2b9 处开始的字符，该字符在当前源字符集中无效(代码页 65001)。
F:\Progamming_Project\Qt_Programs\Melody\src\EndWidget.cpp(1,1): warning C4828: 文件包含在偏移 0xeaf 处开始的字符，该字符在当前源字符集中无效(代码页 65001)。
F:\Progamming_Project\Qt_Programs\Melody\src\confirmDialog.cpp(1,1): warning C4828: 文件包含在偏移 0x2bf 处开始的字符，该字符在当前源字符集中无效(代码页 65001)。
F:\Progamming_Project\Qt_Programs\Melody\src\confirmDialog.cpp(1,1): warning C4828: 文件包含在偏移 0x2c1 处开始的字符，该字符在当前源字符集中无效(代码页 65001)。
F:\Progamming_Project\Qt_Programs\Melody\src\EndWidget.cpp(1,1): warning C4828: 文件包含在偏移 0xeb0 处开始的字符，该字符在当前源字符集中无效(代码页 65001)。
F:\Progamming_Project\Qt_Programs\Melody\src\EndWidget.cpp(1,1): warning C4828: 文件包含在偏移 0xfda 处开始的字符，该字符在当前源字符集中无效(代码页 65001)。
F:\Progamming_Project\Qt_Programs\Melody\src\confirmDialog.cpp(1,1): warning C4828: 文件包含在偏移 0x2c2 处开始的字符，该字符在当前源字符集中无效(代码页 65001)。
F:\Progamming_Project\Qt_Programs\Melody\src\EndWidget.cpp(1,1): warning C4828: 文件包含在偏移 0xfdc 处开始的字符，该字符在当前源字符集中无效(代码页 65001)。
F:\Progamming_Project\Qt_Programs\Melody\src\confirmDialog.cpp(1,1): warning C4828: 文件包含在偏移 0x2c6 处开始的字符，该字符在当前源字符集中无效(代码页 65001)。
F:\Progamming_Project\Qt_Programs\Melody\src\EndWidget.cpp(1,1): warning C4828: 文件包含在偏移 0xfde 处开始的字符，该字符在当前源字符集中无效(代码页 65001)。
F:\Progamming_Project\Qt_Programs\Melody\src\confirmDialog.cpp(1,1): warning C4828: 文件包含在偏移 0x2ca 处开始的字符，该字符在当前源字符集中无效(代码页 65001)。
F:\Progamming_Project\Qt_Programs\Melody\src\confirmDialog.cpp(1,1): warning C4828: 文件包含在偏移 0x2cb 处开始的字符，该字符在当前源字符集中无效(代码页 65001)。
F:\Progamming_Project\Qt_Programs\Melody\src\EndWidget.cpp(1,1): warning C4828: 文件包含在偏移 0x1502 处开始的字符，该字符在当前源字符集中无效(代码页 65001)。
F:\Progamming_Project\Qt_Programs\Melody\src\confirmDialog.cpp(1,1): warning C4828: 文件包含在偏移 0x2ce 处开始的字符，该字符在当前源字符集中无效(代码页 65001)。
F:\Progamming_Project\Qt_Programs\Melody\src\EndWidget.cpp(1,1): warning C4828: 文件包含在偏移 0x1504 处开始的字符，该字符在当前源字符集中无效(代码页 65001)。
F:\Progamming_Project\Qt_Programs\Melody\src\EndWidget.cpp(1,1): warning C4828: 文件包含在偏移 0x1505 处开始的字符，该字符在当前源字符集中无效(代码页 65001)。
F:\Progamming_Project\Qt_Programs\Melody\src\EndWidget.cpp(1,1): warning C4828: 文件包含在偏移 0x1506 处开始的字符，该字符在当前源字符集中无效(代码页 65001)。
F:\Progamming_Project\Qt_Programs\Melody\src\EndWidget.cpp(1,1): warning C4828: 文件包含在偏移 0x1507 处开始的字符，该字符在当前源字符集中无效(代码页 65001)。
F:\Progamming_Project\Qt_Programs\Melody\src\EndWidget.cpp(1,1): warning C4828: 文件包含在偏移 0x1508 处开始的字符，该字符在当前源字符集中无效(代码页 65001)。
F:\Progamming_Project\Qt_Programs\Melody\src\EndWidget.cpp(1,1): warning C4828: 文件包含在偏移 0x1509 处开始的字符，该字符在当前源字符集中无效(代码页 65001)。
F:\Progamming_Project\Qt_Programs\Melody\src\EndWidget.cpp(1,1): warning C4828: 文件包含在偏移 0x1632 处开始的字符，该字符在当前源字符集中无效(代码页 65001)。
F:\Progamming_Project\Qt_Programs\Melody\src\EndWidget.cpp(1,1): warning C4828: 文件包含在偏移 0x1634 处开始的字符，该字符在当前源字符集中无效(代码页 65001)。
F:\Progamming_Project\Qt_Programs\Melody\src\EndWidget.cpp(1,1): warning C4828: 文件包含在偏移 0x1635 处开始的字符，该字符在当前源字符集中无效(代码页 65001)。
F:\Progamming_Project\Qt_Programs\Melody\src\EndWidget.cpp(1,1): warning C4828: 文件包含在偏移 0x1636 处开始的字符，该字符在当前源字符集中无效(代码页 65001)。
F:\Progamming_Project\Qt_Programs\Melody\src\EndWidget.cpp(1,1): warning C4828: 文件包含在偏移 0x1637 处开始的字符，该字符在当前源字符集中无效(代码页 65001)。
F:\Progamming_Project\Qt_Programs\Melody\src\EndWidget.cpp(1,1): warning C4828: 文件包含在偏移 0x1638 处开始的字符，该字符在当前源字符集中无效(代码页 65001)。
F:\Progamming_Project\Qt_Programs\Melody\src\EndWidget.cpp(1,1): warning C4828: 文件包含在偏移 0x1639 处开始的字符，该字符在当前源字符集中无效(代码页 65001)。
F:\Progamming_Project\Qt_Programs\Melody\src\EndWidget.cpp(1,1): warning C4828: 文件包含在偏移 0x1768 处开始的字符，该字符在当前源字符集中无效(代码页 65001)。
F:\Progamming_Project\Qt_Programs\Melody\src\StartWidget.cpp(1,1): warning C4828: 文件包含在偏移 0x2ca 处开始的字符，该字符在当前源字符集中无效(代码页 65001)。
F:\Progamming_Project\Qt_Programs\Melody\src\EndWidget.cpp(1,1): warning C4828: 文件包含在偏移 0x176a 处开始的字符，该字符在当前源字符集中无效(代码页 65001)。
F:\Progamming_Project\Qt_Programs\Melody\src\StartWidget.cpp(1,1): warning C4828: 文件包含在偏移 0x2ce 处开始的字符，该字符在当前源字符集中无效(代码页 65001)。
F:\Progamming_Project\Qt_Programs\Melody\src\EndWidget.cpp(1,1): warning C4828: 文件包含在偏移 0x176b 处开始的字符，该字符在当前源字符集中无效(代码页 65001)。
F:\Progamming_Project\Qt_Programs\Melody\src\StartWidget.cpp(1,1): warning C4828: 文件包含在偏移 0x2cf 处开始的字符，该字符在当前源字符集中无效(代码页 65001)。
F:\Progamming_Project\Qt_Programs\Melody\src\StartWidget.cpp(1,1): warning C4828: 文件包含在偏移 0x2d0 处开始的字符，该字符在当前源字符集中无效(代码页 65001)。
F:\Progamming_Project\Qt_Programs\Melody\src\StartWidget.cpp(1,1): warning C4828: 文件包含在偏移 0x2d1 处开始的字符，该字符在当前源字符集中无效(代码页 65001)。
F:\Progamming_Project\Qt_Programs\Melody\src\StartWidget.cpp(1,1): warning C4828: 文件包含在偏移 0x2d5 处开始的字符，该字符在当前源字符集中无效(代码页 65001)。
F:\Progamming_Project\Qt_Programs\Melody\src\StartWidget.cpp(1,1): warning C4828: 文件包含在偏移 0x3cf 处开始的字符，该字符在当前源字符集中无效(代码页 65001)。
F:\Progamming_Project\Qt_Programs\Melody\src\StartWidget.cpp(1,1): warning C4828: 文件包含在偏移 0x3d0 处开始的字符，该字符在当前源字符集中无效(代码页 65001)。
F:\Progamming_Project\Qt_Programs\Melody\src\StartWidget.cpp(1,1): warning C4828: 文件包含在偏移 0x3d4 处开始的字符，该字符在当前源字符集中无效(代码页 65001)。
F:\Progamming_Project\Qt_Programs\Melody\src\StartWidget.cpp(1,1): warning C4828: 文件包含在偏移 0x3d5 处开始的字符，该字符在当前源字符集中无效(代码页 65001)。
F:\Progamming_Project\Qt_Programs\Melody\src\StartWidget.cpp(1,1): warning C4828: 文件包含在偏移 0x3d6 处开始的字符，该字符在当前源字符集中无效(代码页 65001)。
F:\Progamming_Project\Qt_Programs\Melody\src\StartWidget.cpp(1,1): warning C4828: 文件包含在偏移 0x3d7 处开始的字符，该字符在当前源字符集中无效(代码页 65001)。
F:\Progamming_Project\Qt_Programs\Melody\src\StartWidget.cpp(1,1): warning C4828: 文件包含在偏移 0x3d8 处开始的字符，该字符在当前源字符集中无效(代码页 65001)。
F:\Progamming_Project\Qt_Programs\Melody\src\StartWidget.cpp(1,1): warning C4828: 文件包含在偏移 0x3dc 处开始的字符，该字符在当前源字符集中无效(代码页 65001)。
F:\Progamming_Project\Qt_Programs\Melody\src\EndWidget.cpp(1,1): warning C4828: 文件包含在偏移 0x176c 处开始的字符，该字符在当前源字符集中无效(代码页 65001)。
F:\Progamming_Project\Qt_Programs\Melody\src\StartWidget.cpp(1,1): warning C4828: 文件包含在偏移 0x3df 处开始的字符，该字符在当前源字符集中无效(代码页 65001)。
F:\Progamming_Project\Qt_Programs\Melody\src\StartWidget.cpp(1,1): warning C4828: 文件包含在偏移 0x402 处开始的字符，该字符在当前源字符集中无效(代码页 65001)。
F:\Progamming_Project\Qt_Programs\Melody\src\main.cpp(1,1): warning C4828: 文件包含在偏移 0x10a 处开始的字符，该字符在当前源字符集中无效(代码页 65001)。
F:\Progamming_Project\Qt_Programs\Melody\src\StartWidget.cpp(1,1): warning C4828: 文件包含在偏移 0x403 处开始的字符，该字符在当前源字符集中无效(代码页 65001)。
F:\Progamming_Project\Qt_Programs\Melody\src\main.cpp(1,1): warning C4828: 文件包含在偏移 0x10b 处开始的字符，该字符在当前源字符集中无效(代码页 65001)。
F:\Progamming_Project\Qt_Programs\Melody\src\StartWidget.cpp(1,1): warning C4828: 文件包含在偏移 0x404 处开始的字符，该字符在当前源字符集中无效(代码页 65001)。
F:\Progamming_Project\Qt_Programs\Melody\src\main.cpp(1,1): warning C4828: 文件包含在偏移 0x10e 处开始的字符，该字符在当前源字符集中无效(代码页 65001)。
F:\Progamming_Project\Qt_Programs\Melody\src\StartWidget.cpp(1,1): warning C4828: 文件包含在偏移 0x405 处开始的字符，该字符在当前源字符集中无效(代码页 65001)。
F:\Progamming_Project\Qt_Programs\Melody\src\StartWidget.cpp(1,1): warning C4828: 文件包含在偏移 0x409 处开始的字符，该字符在当前源字符集中无效(代码页 65001)。
F:\Progamming_Project\Qt_Programs\Melody\src\StartWidget.cpp(1,1): warning C4828: 文件包含在偏移 0x40b 处开始的字符，该字符在当前源字符集中无效(代码页 65001)。
F:\Progamming_Project\Qt_Programs\Melody\src\main.cpp(1,1): warning C4828: 文件包含在偏移 0x110 处开始的字符，该字符在当前源字符集中无效(代码页 65001)。
F:\Progamming_Project\Qt_Programs\Melody\src\StartWidget.cpp(1,1): warning C4828: 文件包含在偏移 0x40d 处开始的字符，该字符在当前源字符集中无效(代码页 65001)。
F:\Progamming_Project\Qt_Programs\Melody\src\main.cpp(1,1): warning C4828: 文件包含在偏移 0x111 处开始的字符，该字符在当前源字符集中无效(代码页 65001)。
F:\Progamming_Project\Qt_Programs\Melody\src\StartWidget.cpp(1,1): warning C4828: 文件包含在偏移 0x40f 处开始的字符，该字符在当前源字符集中无效(代码页 65001)。
F:\Progamming_Project\Qt_Programs\Melody\src\StartWidget.cpp(1,1): warning C4828: 文件包含在偏移 0x411 处开始的字符，该字符在当前源字符集中无效(代码页 65001)。
F:\Progamming_Project\Qt_Programs\Melody\src\StartWidget.cpp(1,1): warning C4828: 文件包含在偏移 0x412 处开始的字符，该字符在当前源字符集中无效(代码页 65001)。
F:\Progamming_Project\Qt_Programs\Melody\src\StartWidget.cpp(1,1): warning C4828: 文件包含在偏移 0x413 处开始的字符，该字符在当前源字符集中无效(代码页 65001)。
F:\Progamming_Project\Qt_Programs\Melody\src\StartWidget.cpp(1,1): warning C4828: 文件包含在偏移 0x418 处开始的字符，该字符在当前源字符集中无效(代码页 65001)。
F:\Progamming_Project\Qt_Programs\Melody\src\EndWidget.cpp(1,1): warning C4828: 文件包含在偏移 0x176d 处开始的字符，该字符在当前源字符集中无效(代码页 65001)。
F:\Progamming_Project\Qt_Programs\Melody\src\StartWidget.cpp(1,1): warning C4828: 文件包含在偏移 0x41a 处开始的字符，该字符在当前源字符集中无效(代码页 65001)。
F:\Progamming_Project\Qt_Programs\Melody\src\StartWidget.cpp(1,1): warning C4828: 文件包含在偏移 0x41b 处开始的字符，该字符在当前源字符集中无效(代码页 65001)。
F:\Progamming_Project\Qt_Programs\Melody\src\StartWidget.cpp(1,1): warning C4828: 文件包含在偏移 0x41c 处开始的字符，该字符在当前源字符集中无效(代码页 65001)。
F:\Progamming_Project\Qt_Programs\Melody\src\main.cpp(1,1): warning C4828: 文件包含在偏移 0x112 处开始的字符，该字符在当前源字符集中无效(代码页 65001)。
F:\Progamming_Project\Qt_Programs\Melody\src\StartWidget.cpp(1,1): warning C4828: 文件包含在偏移 0x41d 处开始的字符，该字符在当前源字符集中无效(代码页 65001)。
F:\Progamming_Project\Qt_Programs\Melody\src\EndWidget.cpp(1,1): warning C4828: 文件包含在偏移 0x176e 处开始的字符，该字符在当前源字符集中无效(代码页 65001)。
F:\Progamming_Project\Qt_Programs\Melody\src\StartWidget.cpp(1,1): warning C4828: 文件包含在偏移 0x41e 处开始的字符，该字符在当前源字符集中无效(代码页 65001)。
F:\Progamming_Project\Qt_Programs\Melody\src\main.cpp(1,1): warning C4828: 文件包含在偏移 0x113 处开始的字符，该字符在当前源字符集中无效(代码页 65001)。
F:\Progamming_Project\Qt_Programs\Melody\src\StartWidget.cpp(1,1): warning C4828: 文件包含在偏移 0x41f 处开始的字符，该字符在当前源字符集中无效(代码页 65001)。
F:\Progamming_Project\Qt_Programs\Melody\src\StartWidget.cpp(1,1): warning C4828: 文件包含在偏移 0x421 处开始的字符，该字符在当前源字符集中无效(代码页 65001)。
F:\Progamming_Project\Qt_Programs\Melody\src\StartWidget.cpp(1,1): warning C4828: 文件包含在偏移 0x423 处开始的字符，该字符在当前源字符集中无效(代码页 65001)。
F:\Progamming_Project\Qt_Programs\Melody\src\EndWidget.cpp(1,1): warning C4828: 文件包含在偏移 0x176f 处开始的字符，该字符在当前源字符集中无效(代码页 65001)。
F:\Progamming_Project\Qt_Programs\Melody\src\StartWidget.cpp(1,1): warning C4828: 文件包含在偏移 0x424 处开始的字符，该字符在当前源字符集中无效(代码页 65001)。
F:\Progamming_Project\Qt_Programs\Melody\src\StartWidget.cpp(1,1): warning C4828: 文件包含在偏移 0x425 处开始的字符，该字符在当前源字符集中无效(代码页 65001)。
F:\Progamming_Project\Qt_Programs\Melody\src\StartWidget.cpp(1,1): warning C4828: 文件包含在偏移 0x429 处开始的字符，该字符在当前源字符集中无效(代码页 65001)。
F:\Progamming_Project\Qt_Programs\Melody\src\StartWidget.cpp(1,1): warning C4828: 文件包含在偏移 0x598 处开始的字符，该字符在当前源字符集中无效(代码页 65001)。
F:\Progamming_Project\Qt_Programs\Melody\src\StartWidget.cpp(1,1): warning C4828: 文件包含在偏移 0x599 处开始的字符，该字符在当前源字符集中无效(代码页 65001)。
F:\Progamming_Project\Qt_Programs\Melody\src\StartWidget.cpp(1,1): warning C4828: 文件包含在偏移 0x59a 处开始的字符，该字符在当前源字符集中无效(代码页 65001)。
F:\Progamming_Project\Qt_Programs\Melody\src\main.cpp(1,1): warning C4828: 文件包含在偏移 0x114 处开始的字符，该字符在当前源字符集中无效(代码页 65001)。
F:\Progamming_Project\Qt_Programs\Melody\src\StartWidget.cpp(1,1): warning C4828: 文件包含在偏移 0x59b 处开始的字符，该字符在当前源字符集中无效(代码页 65001)。
F:\Progamming_Project\Qt_Programs\Melody\src\StartWidget.cpp(1,1): warning C4828: 文件包含在偏移 0x59d 处开始的字符，该字符在当前源字符集中无效(代码页 65001)。
F:\Progamming_Project\Qt_Programs\Melody\src\StartWidget.cpp(1,1): warning C4828: 文件包含在偏移 0x59f 处开始的字符，该字符在当前源字符集中无效(代码页 65001)。
F:\Progamming_Project\Qt_Programs\Melody\src\EndWidget.cpp(1,1): warning C4828: 文件包含在偏移 0x17c4 处开始的字符，该字符在当前源字符集中无效(代码页 65001)。
F:\Progamming_Project\Qt_Programs\Melody\src\main.cpp(1,1): warning C4828: 文件包含在偏移 0x116 处开始的字符，该字符在当前源字符集中无效(代码页 65001)。
F:\Progamming_Project\Qt_Programs\Melody\src\EndWidget.cpp(1,1): warning C4828: 文件包含在偏移 0x17c5 处开始的字符，该字符在当前源字符集中无效(代码页 65001)。
F:\Progamming_Project\Qt_Programs\Melody\src\EndWidget.cpp(1,1): warning C4828: 文件包含在偏移 0x17c6 处开始的字符，该字符在当前源字符集中无效(代码页 65001)。
F:\Progamming_Project\Qt_Programs\Melody\src\EndWidget.cpp(1,1): warning C4828: 文件包含在偏移 0x17c7 处开始的字符，该字符在当前源字符集中无效(代码页 65001)。
F:\Progamming_Project\Qt_Programs\Melody\src\EndWidget.cpp(1,1): warning C4828: 文件包含在偏移 0x17cf 处开始的字符，该字符在当前源字符集中无效(代码页 65001)。
F:\Progamming_Project\Qt_Programs\Melody\src\EndWidget.cpp(1,1): warning C4828: 文件包含在偏移 0x17d0 处开始的字符，该字符在当前源字符集中无效(代码页 65001)。
F:\Progamming_Project\Qt_Programs\Melody\src\EndWidget.cpp(1,1): warning C4828: 文件包含在偏移 0x17e1 处开始的字符，该字符在当前源字符集中无效(代码页 65001)。
F:\Progamming_Project\Qt_Programs\Melody\src\EndWidget.cpp(1,1): warning C4828: 文件包含在偏移 0x17e2 处开始的字符，该字符在当前源字符集中无效(代码页 65001)。
F:\Progamming_Project\Qt_Programs\Melody\src\EndWidget.cpp(1,1): warning C4828: 文件包含在偏移 0x17ed 处开始的字符，该字符在当前源字符集中无效(代码页 65001)。
F:\Progamming_Project\Qt_Programs\Melody\src\EndWidget.cpp(1,1): warning C4828: 文件包含在偏移 0x17f0 处开始的字符，该字符在当前源字符集中无效(代码页 65001)。
F:\Progamming_Project\Qt_Programs\Melody\src\EndWidget.cpp(1,1): warning C4828: 文件包含在偏移 0x17f3 处开始的字符，该字符在当前源字符集中无效(代码页 65001)。
F:\Progamming_Project\Qt_Programs\Melody\src\EndWidget.cpp(1,1): warning C4828: 文件包含在偏移 0x17f4 处开始的字符，该字符在当前源字符集中无效(代码页 65001)。
F:\Progamming_Project\Qt_Programs\Melody\src\EndWidget.cpp(1,1): warning C4828: 文件包含在偏移 0x17f6 处开始的字符，该字符在当前源字符集中无效(代码页 65001)。
F:\Progamming_Project\Qt_Programs\Melody\src\EndWidget.cpp(1,1): warning C4828: 文件包含在偏移 0x17fc 处开始的字符，该字符在当前源字符集中无效(代码页 65001)。
F:\Progamming_Project\Qt_Programs\Melody\src\EndWidget.cpp(1,1): warning C4828: 文件包含在偏移 0x17fe 处开始的字符，该字符在当前源字符集中无效(代码页 65001)。
F:\Progamming_Project\Qt_Programs\Melody\src\EndWidget.cpp(1,1): warning C4828: 文件包含在偏移 0x17ff 处开始的字符，该字符在当前源字符集中无效(代码页 65001)。
F:\Progamming_Project\Qt_Programs\Melody\src\EndWidget.cpp(1,1): warning C4828: 文件包含在偏移 0x1801 处开始的字符，该字符在当前源字符集中无效(代码页 65001)。
F:\Progamming_Project\Qt_Programs\Melody\src\EndWidget.cpp(1,1): warning C4828: 文件包含在偏移 0x1803 处开始的字符，该字符在当前源字符集中无效(代码页 65001)。
F:\Progamming_Project\Qt_Programs\Melody\src\EndWidget.cpp(1,1): warning C4828: 文件包含在偏移 0x1806 处开始的字符，该字符在当前源字符集中无效(代码页 65001)。
F:\Progamming_Project\Qt_Programs\Melody\src\EndWidget.cpp(1,1): warning C4828: 文件包含在偏移 0x1808 处开始的字符，该字符在当前源字符集中无效(代码页 65001)。
F:\Progamming_Project\Qt_Programs\Melody\src\EndWidget.cpp(1,1): warning C4828: 文件包含在偏移 0x1809 处开始的字符，该字符在当前源字符集中无效(代码页 65001)。
F:\Progamming_Project\Qt_Programs\Melody\src\EndWidget.cpp(1,1): warning C4828: 文件包含在偏移 0x180b 处开始的字符，该字符在当前源字符集中无效(代码页 65001)。
F:\Progamming_Project\Qt_Programs\Melody\src\EndWidget.cpp(1,1): warning C4828: 文件包含在偏移 0x180c 处开始的字符，该字符在当前源字符集中无效(代码页 65001)。
F:\Progamming_Project\Qt_Programs\Melody\src\EndWidget.cpp(1,1): warning C4828: 文件包含在偏移 0x180d 处开始的字符，该字符在当前源字符集中无效(代码页 65001)。
F:\Progamming_Project\Qt_Programs\Melody\src\EndWidget.cpp(1,1): warning C4828: 文件包含在偏移 0x1811 处开始的字符，该字符在当前源字符集中无效(代码页 65001)。
F:\Progamming_Project\Qt_Programs\Melody\src\EndWidget.cpp(1,1): warning C4828: 文件包含在偏移 0x1cc2 处开始的字符，该字符在当前源字符集中无效(代码页 65001)。
F:\Progamming_Project\Qt_Programs\Melody\src\EndWidget.cpp(1,1): warning C4828: 文件包含在偏移 0x1cc3 处开始的字符，该字符在当前源字符集中无效(代码页 65001)。
F:\Progamming_Project\Qt_Programs\Melody\src\EndWidget.cpp(1,1): warning C4828: 文件包含在偏移 0x1cc4 处开始的字符，该字符在当前源字符集中无效(代码页 65001)。
F:\Progamming_Project\Qt_Programs\Melody\src\EndWidget.cpp(1,1): warning C4828: 文件包含在偏移 0x1cc5 处开始的字符，该字符在当前源字符集中无效(代码页 65001)。
F:\Progamming_Project\Qt_Programs\Melody\src\EndWidget.cpp(1,1): warning C4828: 文件包含在偏移 0x1cc6 处开始的字符，该字符在当前源字符集中无效(代码页 65001)。
F:\Progamming_Project\Qt_Programs\Melody\src\EndWidget.cpp(1,1): warning C4828: 文件包含在偏移 0x1cc7 处开始的字符，该字符在当前源字符集中无效(代码页 65001)。
F:\Progamming_Project\Qt_Programs\Melody\src\EndWidget.cpp(1,1): warning C4828: 文件包含在偏移 0x1cc9 处开始的字符，该字符在当前源字符集中无效(代码页 65001)。
F:\Progamming_Project\Qt_Programs\Melody\src\EndWidget.cpp(1,1): warning C4828: 文件包含在偏移 0x1ccd 处开始的字符，该字符在当前源字符集中无效(代码页 65001)。
F:\Progamming_Project\Qt_Programs\Melody\src\EndWidget.cpp(1,1): warning C4828: 文件包含在偏移 0x1cce 处开始的字符，该字符在当前源字符集中无效(代码页 65001)。
F:\Progamming_Project\Qt_Programs\Melody\src\EndWidget.cpp(1,1): warning C4828: 文件包含在偏移 0x1ccf 处开始的字符，该字符在当前源字符集中无效(代码页 65001)。
F:\Progamming_Project\Qt_Programs\Melody\src\EndWidget.cpp(1,1): warning C4828: 文件包含在偏移 0x1d67 处开始的字符，该字符在当前源字符集中无效(代码页 65001)。
F:\Progamming_Project\Qt_Programs\Melody\src\EndWidget.cpp(1,1): warning C4828: 文件包含在偏移 0x1d70 处开始的字符，该字符在当前源字符集中无效(代码页 65001)。
F:\Progamming_Project\Qt_Programs\Melody\src\EndWidget.cpp(1,1): warning C4828: 文件包含在偏移 0x1d72 处开始的字符，该字符在当前源字符集中无效(代码页 65001)。
F:\Progamming_Project\Qt_Programs\Melody\src\EndWidget.cpp(1,1): warning C4828: 文件包含在偏移 0x1d7a 处开始的字符，该字符在当前源字符集中无效(代码页 65001)。
F:\Progamming_Project\Qt_Programs\Melody\src\EndWidget.cpp(1,1): warning C4828: 文件包含在偏移 0x1d7c 处开始的字符，该字符在当前源字符集中无效(代码页 65001)。
F:\Progamming_Project\Qt_Programs\Melody\src\EndWidget.cpp(1,1): warning C4828: 文件包含在偏移 0x1d7d 处开始的字符，该字符在当前源字符集中无效(代码页 65001)。
F:\Progamming_Project\Qt_Programs\Melody\src\EndWidget.cpp(1,1): warning C4828: 文件包含在偏移 0x1d7e 处开始的字符，该字符在当前源字符集中无效(代码页 65001)。
F:\Progamming_Project\Qt_Programs\Melody\src\EndWidget.cpp(1,1): warning C4828: 文件包含在偏移 0x1d7f 处开始的字符，该字符在当前源字符集中无效(代码页 65001)。
F:\Progamming_Project\Qt_Programs\Melody\src\EndWidget.cpp(1,1): warning C4828: 文件包含在偏移 0x1d80 处开始的字符，该字符在当前源字符集中无效(代码页 65001)。
F:\Progamming_Project\Qt_Programs\Melody\src\EndWidget.cpp(1,1): warning C4828: 文件包含在偏移 0x1d81 处开始的字符，该字符在当前源字符集中无效(代码页 65001)。
F:\Progamming_Project\Qt_Programs\Melody\src\confirmDialog.cpp(27,47): warning C4100: “parent”: 未引用的形参
F:\Progamming_Project\Qt_Programs\Melody\src\StartWidget.cpp(85,44): warning C4100: “event”: 未引用的形参
  moc_EndWidget.cpp
  moc_GameController.cpp
  moc_Hold.cpp
  moc_MenuWidget.cpp
  moc_Note.cpp
  moc_PauseWidget.cpp
  moc_PlayWidget.cpp
  moc_SettingsWidget.cpp
  moc_Tap.cpp
  moc_confirmDialog.cpp
  moc_StartWidget.cpp
  Melody.vcxproj -> F:\Progamming_Project\Qt_Programs\Melody\Profile\Melody.exe
